<?xml version="1.0" encoding="UTF-8"?>
<!-- Generated by org.testng.reporters.JUnitReportReporter -->
<testsuite hostname="DrSupancomputer" name="com.markandspencers.tests.SearchProductsTest" tests="1" failures="0" timestamp="6 Nov 2017 20:50:36 GMT" time="3.036" errors="0">
  <testcase name="searchItem" time="3.036" classname="com.markandspencers.tests.SearchProductsTest"/>
</testsuite> <!-- com.markandspencers.tests.SearchProductsTest -->
